bannerSample/build/outputs/logs/manifest-merger-debug-report.txt
-- Merging decision tree log ---
manifest
ADDED from src/main/AndroidManifest.xml:2:1-77:12
	package
		ADDED from src/main/AndroidManifest.xml:4:11-45
		INJECTED from src/main/AndroidManifest.xml
		INJECTED from src/main/AndroidManifest.xml
	android:versionName
		INJECTED from src/main/AndroidManifest.xml
		INJECTED from src/main/AndroidManifest.xml
	xmlns:tools
		ADDED from src/main/AndroidManifest.xml:3:11-57
	xmlns:android
		ADDED from src/main/AndroidManifest.xml:2:11-69
	android:versionCode
		INJECTED from src/main/AndroidManifest.xml
		INJECTED from src/main/AndroidManifest.xml
uses-permission#android.permission.REQUEST_INSTALL_PACKAGES
ADDED from src/main/AndroidManifest.xml:5:5-83
	android:name
		ADDED from src/main/AndroidManifest.xml:5:22-80
uses-permission#android.permission.INTERNET
ADDED from src/main/AndroidManifest.xml:6:5-66
MERGED from [com.google.android.gms:play-services-ads:8.4.0] AndroidManifest.xml:20:5-66
MERGED from [com.google.android.gms:play-services-analytics:8.4.0] AndroidManifest.xml:21:5-67
MERGED from [com.google.android.gms:play-services-appinvite:8.4.0] AndroidManifest.xml:19:5-67
MERGED from [com.google.android.gms:play-services-gcm:8.4.0] AndroidManifest.xml:22:5-67
MERGED from [com.google.android.gms:play-services-measurement:8.4.0] AndroidManifest.xml:21:5-67
MERGED from [com.google.android.gms:play-services-maps:8.4.0] AndroidManifest.xml:21:5-66
	android:name
		ADDED from src/main/AndroidManifest.xml:6:22-64
uses-permission#android.permission.ACCESS_NETWORK_STATE
ADDED from src/main/AndroidManifest.xml:7:5-78
MERGED from [com.google.android.gms:play-services-ads:8.4.0] AndroidManifest.xml:21:5-78
MERGED from [com.google.android.gms:play-services-analytics:8.4.0] AndroidManifest.xml:22:5-79
MERGED from [com.google.android.gms:play-services-measurement:8.4.0] AndroidManifest.xml:22:5-79
MERGED from [com.google.android.gms:play-services-nearby:8.4.0] AndroidManifest.xml:19:5-79
MERGED from [com.google.android.gms:play-services-maps:8.4.0] AndroidManifest.xml:20:5-78
	android:name
		ADDED from src/main/AndroidManifest.xml:7:22-76
uses-permission#android.permission.ACCESS_FINE_LOCATION
ADDED from src/main/AndroidManifest.xml:8:5-78
	android:name
		ADDED from src/main/AndroidManifest.xml:8:22-76
uses-permission#android.permission.ACCESS_WIFI_STATE
ADDED from src/main/AndroidManifest.xml:9:5-75
	android:name
		ADDED from src/main/AndroidManifest.xml:9:22-73
uses-permission#android.permission.CHANGE_WIFI_STATE
ADDED from src/main/AndroidManifest.xml:10:5-75
	android:name
		ADDED from src/main/AndroidManifest.xml:10:22-73
uses-permission#android.permission.VIBRATE
ADDED from src/main/AndroidManifest.xml:11:5-65
	android:name
		ADDED from src/main/AndroidManifest.xml:11:22-63
uses-permission#android.permission.READ_PHONE_STATE
ADDED from src/main/AndroidManifest.xml:12:5-75
	android:name
		ADDED from src/main/AndroidManifest.xml:12:22-72
uses-permission#com.google.android.gms.permission.ACTIVITY_RECOGNITION
ADDED from src/main/AndroidManifest.xml:13:5-93
	android:name
		ADDED from src/main/AndroidManifest.xml:13:22-91
uses-permission#android.permission.READ_CALENDAR
ADDED from src/main/AndroidManifest.xml:14:5-71
	android:name
		ADDED from src/main/AndroidManifest.xml:14:22-69
uses-permission#android.permission.WRITE_CALENDAR
ADDED from src/main/AndroidManifest.xml:15:5-72
	android:name
		ADDED from src/main/AndroidManifest.xml:15:22-70
uses-permission#android.permission.WRITE_EXTERNAL_STORAGE
ADDED from src/main/AndroidManifest.xml:16:5-80
	android:name
		ADDED from src/main/AndroidManifest.xml:16:22-78
application
ADDED from src/main/AndroidManifest.xml:18:5-75:19
MERGED from [com.google.android.gms:play-services:8.4.0] AndroidManifest.xml:19:5-20
MERGED from [com.google.android.gms:play-services-ads:8.4.0] AndroidManifest.xml:24:5-32:19
MERGED from [com.google.android.gms:play-services-analytics:8.4.0] AndroidManifest.xml:24:5-20
MERGED from [com.google.android.gms:play-services-appindexing:8.4.0] AndroidManifest.xml:19:5-20
MERGED from [com.google.android.gms:play-services-appinvite:8.4.0] AndroidManifest.xml:20:5-30:19
MERGED from [com.google.android.gms:play-services-appstate:8.4.0] AndroidManifest.xml:19:5-20
MERGED from [com.google.android.gms:play-services-auth:8.4.0] AndroidManifest.xml:20:5-32:19
MERGED from [com.google.android.gms:play-services-cast:8.4.0] AndroidManifest.xml:19:5-20
MERGED from [com.android.support:mediarouter-v7:23.0.0] AndroidManifest.xml:22:5-20
MERGED from [com.android.support:appcompat-v7:24.2.1] AndroidManifest.xml:25:5-20
MERGED from [com.android.support:animated-vector-drawable:24.2.1] AndroidManifest.xml:22:5-20
MERGED from [com.android.support:support-vector-drawable:24.2.1] AndroidManifest.xml:23:5-20
MERGED from [com.google.android.gms:play-services-fitness:8.4.0] AndroidManifest.xml:19:5-20
MERGED from [com.google.android.gms:play-services-games:8.4.0] AndroidManifest.xml:19:5-20
MERGED from [com.google.android.gms:play-services-drive:8.4.0] AndroidManifest.xml:19:5-20
MERGED from [com.google.android.gms:play-services-gcm:8.4.0] AndroidManifest.xml:24:5-20
MERGED from [com.google.android.gms:play-services-location:8.4.0] AndroidManifest.xml:19:5-20
MERGED from [com.google.android.gms:play-services-measurement:8.4.0] AndroidManifest.xml:26:5-46:19
MERGED from [com.google.android.gms:play-services-nearby:8.4.0] AndroidManifest.xml:20:5-20
MERGED from [com.google.android.gms:play-services-panorama:8.4.0] AndroidManifest.xml:19:5-20
MERGED from [com.google.android.gms:play-services-plus:8.4.0] AndroidManifest.xml:19:5-20
MERGED from [com.google.android.gms:play-services-safetynet:8.4.0] AndroidManifest.xml:19:5-20
MERGED from [com.google.android.gms:play-services-vision:8.4.0] AndroidManifest.xml:5:5-20
MERGED from [com.google.android.gms:play-services-identity:8.4.0] AndroidManifest.xml:19:5-20
MERGED from [com.google.android.gms:play-services-maps:8.4.0] AndroidManifest.xml:27:5-20
MERGED from [com.google.android.gms:play-services-wearable:8.4.0] AndroidManifest.xml:19:5-20
MERGED from [com.google.android.gms:play-services-basement:8.4.0] AndroidManifest.xml:20:5-24:19
MERGED from [com.android.support:support-v4:24.2.1] AndroidManifest.xml:25:5-20
MERGED from [com.android.support:support-fragment:24.2.1] AndroidManifest.xml:25:5-20
MERGED from [com.android.support:support-media-compat:24.2.1] AndroidManifest.xml:25:5-20
MERGED from [com.android.support:support-core-ui:24.2.1] AndroidManifest.xml:25:5-20
MERGED from [com.android.support:support-core-utils:24.2.1] AndroidManifest.xml:25:5-20
MERGED from [com.android.support:support-compat:24.2.1] AndroidManifest.xml:25:5-20
	android:label
		ADDED from src/main/AndroidManifest.xml:22:13-45
	android:hardwareAccelerated
		ADDED from src/main/AndroidManifest.xml:19:9-43
	android:allowBackup
		ADDED from src/main/AndroidManifest.xml:20:13-39
	android:icon
		ADDED from src/main/AndroidManifest.xml:21:13-42
	android:theme
		ADDED from src/main/AndroidManifest.xml:24:13-44
	android:name
		ADDED from src/main/AndroidManifest.xml:23:13-72
activity#com.inmobi.banner.sample.BannerAdsActivity
ADDED from src/main/AndroidManifest.xml:26:9-33:20
	android:label
		ADDED from src/main/AndroidManifest.xml:28:17-49
	android:name
		ADDED from src/main/AndroidManifest.xml:27:17-50
intent-filter#android.intent.action.MAIN+android.intent.category.LAUNCHER
ADDED from src/main/AndroidManifest.xml:29:13-32:29
action#android.intent.action.MAIN
ADDED from src/main/AndroidManifest.xml:30:17-68
	android:name
		ADDED from src/main/AndroidManifest.xml:30:25-66
category#android.intent.category.LAUNCHER
ADDED from src/main/AndroidManifest.xml:31:17-76
	android:name
		ADDED from src/main/AndroidManifest.xml:31:27-74
activity#com.inmobi.banner.sample.BannerXmlActivity
ADDED from src/main/AndroidManifest.xml:35:9-39:20
	android:label
		ADDED from src/main/AndroidManifest.xml:38:17-49
	android:configChanges
		ADDED from src/main/AndroidManifest.xml:37:17-119
	android:name
		ADDED from src/main/AndroidManifest.xml:36:17-50
activity#com.inmobi.rendering.InMobiAdActivity
ADDED from src/main/AndroidManifest.xml:41:9-47:49
	android:hardwareAccelerated
		ADDED from src/main/AndroidManifest.xml:45:17-51
	android:resizeableActivity
		ADDED from src/main/AndroidManifest.xml:44:17-51
	tools:ignore
		ADDED from src/main/AndroidManifest.xml:47:17-47
	android:configChanges
		ADDED from src/main/AndroidManifest.xml:43:17-119
	android:theme
		ADDED from src/main/AndroidManifest.xml:46:17-64
	android:name
		ADDED from src/main/AndroidManifest.xml:42:17-69
receiver#com.inmobi.commons.core.utilities.uid.ImIdShareBroadCastReceiver
ADDED from src/main/AndroidManifest.xml:49:9-57:20
	android:enabled
		ADDED from src/main/AndroidManifest.xml:51:17-39
	android:exported
		ADDED from src/main/AndroidManifest.xml:52:17-40
	tools:ignore
		ADDED from src/main/AndroidManifest.xml:53:17-48
	android:name
		ADDED from src/main/AndroidManifest.xml:50:17-96
intent-filter#com.inmobi.share.id
ADDED from src/main/AndroidManifest.xml:54:13-56:29
action#com.inmobi.share.id
ADDED from src/main/AndroidManifest.xml:55:17-61
	android:name
		ADDED from src/main/AndroidManifest.xml:55:25-59
service#com.inmobi.ads.ApkDownloader$ApkDownloadService
ADDED from src/main/AndroidManifest.xml:58:9-60:37
	android:enabled
		ADDED from src/main/AndroidManifest.xml:60:13-35
	android:name
		ADDED from src/main/AndroidManifest.xml:59:13-75
service#com.inmobi.signals.activityrecognition.ActivityRecognitionManager
ADDED from src/main/AndroidManifest.xml:62:9-64:41
	android:enabled
		ADDED from src/main/AndroidManifest.xml:64:17-39
	android:name
		ADDED from src/main/AndroidManifest.xml:63:17-97
meta-data#com.google.android.gms.version
ADDED from src/main/AndroidManifest.xml:66:9-68:72
MERGED from [com.google.android.gms:play-services-basement:8.4.0] AndroidManifest.xml:21:9-23:69
	android:value
		ADDED from src/main/AndroidManifest.xml:68:17-70
	android:name
		ADDED from src/main/AndroidManifest.xml:67:17-62
provider#android.support.v4.content.FileProvider
ADDED from src/main/AndroidManifest.xml:70:9-74:20
	android:authorities
		ADDED from src/main/AndroidManifest.xml:70:74-133
	android:grantUriPermissions
		ADDED from src/main/AndroidManifest.xml:70:159-193
	android:exported
		ADDED from src/main/AndroidManifest.xml:70:134-158
	android:name
		ADDED from src/main/AndroidManifest.xml:70:19-73
meta-data#android.support.FILE_PROVIDER_PATHS
ADDED from src/main/AndroidManifest.xml:71:13-73:51
	android:resource
		ADDED from src/main/AndroidManifest.xml:73:17-49
	android:name
		ADDED from src/main/AndroidManifest.xml:72:17-67
uses-sdk
INJECTED from src/main/AndroidManifest.xml reason: use-sdk injection requested
MERGED from [com.android.support:multidex:1.0.1] AndroidManifest.xml:18:5-42
MERGED from [com.google.android.gms:play-services:8.4.0] AndroidManifest.xml:18:5-42
MERGED from [com.google.android.gms:play-services-ads:8.4.0] AndroidManifest.xml:23:5-42
MERGED from [com.google.android.gms:play-services-analytics:8.4.0] AndroidManifest.xml:18:5-42
MERGED from [com.google.android.gms:play-services-appindexing:8.4.0] AndroidManifest.xml:18:5-42
MERGED from [com.google.android.gms:play-services-appinvite:8.4.0] AndroidManifest.xml:18:5-42
MERGED from [com.google.android.gms:play-services-appstate:8.4.0] AndroidManifest.xml:18:5-42
MERGED from [com.google.android.gms:play-services-auth:8.4.0] AndroidManifest.xml:18:5-43
MERGED from [com.google.android.gms:play-services-cast:8.4.0] AndroidManifest.xml:18:5-42
MERGED from [com.android.support:mediarouter-v7:23.0.0] AndroidManifest.xml:20:5-43
MERGED from [com.android.support:appcompat-v7:24.2.1] AndroidManifest.xml:21:5-23:78
MERGED from [com.android.support:animated-vector-drawable:24.2.1] AndroidManifest.xml:20:5-44
MERGED from [com.android.support:support-vector-drawable:24.2.1] AndroidManifest.xml:21:5-43
MERGED from [com.google.android.gms:play-services-fitness:8.4.0] AndroidManifest.xml:18:5-42
MERGED from [com.google.android.gms:play-services-games:8.4.0] AndroidManifest.xml:18:5-42
MERGED from [com.google.android.gms:play-services-drive:8.4.0] AndroidManifest.xml:18:5-42
MERGED from [com.google.android.gms:play-services-gcm:8.4.0] AndroidManifest.xml:18:5-42
MERGED from [com.google.android.gms:play-services-location:8.4.0] AndroidManifest.xml:18:5-42
MERGED from [com.google.android.gms:play-services-measurement:8.4.0] AndroidManifest.xml:18:5-42
MERGED from [com.google.android.gms:play-services-nearby:8.4.0] AndroidManifest.xml:18:5-42
MERGED from [com.google.android.gms:play-services-panorama:8.4.0] AndroidManifest.xml:18:5-42
MERGED from [com.google.android.gms:play-services-plus:8.4.0] AndroidManifest.xml:18:5-42
MERGED from [com.google.android.gms:play-services-safetynet:8.4.0] AndroidManifest.xml:18:5-42
MERGED from [com.google.android.gms:play-services-vision:8.4.0] AndroidManifest.xml:4:5-42
MERGED from [com.google.android.gms:play-services-wallet:8.4.0] AndroidManifest.xml:19:5-42
MERGED from [com.google.android.gms:play-services-identity:8.4.0] AndroidManifest.xml:18:5-42
MERGED from [com.google.android.gms:play-services-maps:8.4.0] AndroidManifest.xml:26:5-42
MERGED from [com.google.android.gms:play-services-wearable:8.4.0] AndroidManifest.xml:18:5-42
MERGED from [com.google.android.gms:play-services-base:8.4.0] AndroidManifest.xml:18:5-42
MERGED from [com.google.android.gms:play-services-basement:8.4.0] AndroidManifest.xml:18:5-42
MERGED from [com.facebook.fresco:fresco:0.5.0] AndroidManifest.xml:5:5-7:41
MERGED from [com.facebook.fresco:drawee:0.5.0] AndroidManifest.xml:5:5-7:41
MERGED from [com.facebook.fresco:imagepipeline:0.5.0] AndroidManifest.xml:5:5-7:41
MERGED from [com.android.support:support-v4:24.2.1] AndroidManifest.xml:21:5-23:54
MERGED from [com.android.support:support-fragment:24.2.1] AndroidManifest.xml:21:5-23:60
MERGED from [com.android.support:support-media-compat:24.2.1] AndroidManifest.xml:21:5-23:63
MERGED from [com.android.support:support-core-ui:24.2.1] AndroidManifest.xml:21:5-23:58
MERGED from [com.android.support:support-core-utils:24.2.1] AndroidManifest.xml:21:5-23:61
MERGED from [com.android.support:support-compat:24.2.1] AndroidManifest.xml:21:5-23:58
MERGED from [com.facebook.fresco:fbcore:0.5.0] AndroidManifest.xml:5:5-7:41
	tools:overrideLibrary
		ADDED from [com.android.support:appcompat-v7:24.2.1] AndroidManifest.xml:23:9-75
	android:targetSdkVersion
		INJECTED from src/main/AndroidManifest.xml
		INJECTED from src/main/AndroidManifest.xml
	android:minSdkVersion
		INJECTED from src/main/AndroidManifest.xml
		INJECTED from src/main/AndroidManifest.xml
activity#com.google.android.gms.ads.AdActivity
ADDED from [com.google.android.gms:play-services-ads:8.4.0] AndroidManifest.xml:26:9-29:64
	android:configChanges
		ADDED from [com.google.android.gms:play-services-ads:8.4.0] AndroidManifest.xml:28:13-122
	android:theme
		ADDED from [com.google.android.gms:play-services-ads:8.4.0] AndroidManifest.xml:29:13-61
	android:name
		ADDED from [com.google.android.gms:play-services-ads:8.4.0] AndroidManifest.xml:27:13-65
activity#com.google.android.gms.ads.purchase.InAppPurchaseActivity
ADDED from [com.google.android.gms:play-services-ads:8.4.0] AndroidManifest.xml:30:9-31:52
	android:theme
		ADDED from [com.google.android.gms:play-services-ads:8.4.0] AndroidManifest.xml:31:13-50
	android:name
		ADDED from [com.google.android.gms:play-services-ads:8.4.0] AndroidManifest.xml:30:19-91
activity#com.google.android.gms.appinvite.PreviewActivity
ADDED from [com.google.android.gms:play-services-appinvite:8.4.0] AndroidManifest.xml:21:9-29:20
	android:exported
		ADDED from [com.google.android.gms:play-services-appinvite:8.4.0] AndroidManifest.xml:23:17-40
	android:theme
		ADDED from [com.google.android.gms:play-services-appinvite:8.4.0] AndroidManifest.xml:24:17-63
	android:name
		ADDED from [com.google.android.gms:play-services-appinvite:8.4.0] AndroidManifest.xml:22:17-48
intent-filter#android.intent.category.DEFAULT+com.google.android.gms.appinvite.ACTION_PREVIEW
ADDED from [com.google.android.gms:play-services-appinvite:8.4.0] AndroidManifest.xml:25:13-28:29
action#com.google.android.gms.appinvite.ACTION_PREVIEW
ADDED from [com.google.android.gms:play-services-appinvite:8.4.0] AndroidManifest.xml:26:17-89
	android:name
		ADDED from [com.google.android.gms:play-services-appinvite:8.4.0] AndroidManifest.xml:26:25-87
category#android.intent.category.DEFAULT
ADDED from [com.google.android.gms:play-services-appinvite:8.4.0] AndroidManifest.xml:27:17-75
	android:name
		ADDED from [com.google.android.gms:play-services-appinvite:8.4.0] AndroidManifest.xml:27:27-73
activity#com.google.android.gms.auth.api.signin.internal.SignInHubActivity
ADDED from [com.google.android.gms:play-services-auth:8.4.0] AndroidManifest.xml:21:9-24:46
	android:excludeFromRecents
		ADDED from [com.google.android.gms:play-services-auth:8.4.0] AndroidManifest.xml:23:19-52
	android:exported
		ADDED from [com.google.android.gms:play-services-auth:8.4.0] AndroidManifest.xml:24:19-43
	android:theme
		ADDED from [com.google.android.gms:play-services-auth:8.4.0] AndroidManifest.xml:22:19-78
	android:name
		ADDED from [com.google.android.gms:play-services-auth:8.4.0] AndroidManifest.xml:21:19-72
service#com.google.android.gms.auth.api.signin.RevocationBoundService
ADDED from [com.google.android.gms:play-services-auth:8.4.0] AndroidManifest.xml:28:9-31:110
	android:exported
		ADDED from [com.google.android.gms:play-services-auth:8.4.0] AndroidManifest.xml:30:13-36
	android:permission
		ADDED from [com.google.android.gms:play-services-auth:8.4.0] AndroidManifest.xml:31:13-107
	android:name
		ADDED from [com.google.android.gms:play-services-auth:8.4.0] AndroidManifest.xml:29:13-62
uses-permission#com.google.android.c2dm.permission.RECEIVE
ADDED from [com.google.android.gms:play-services-gcm:8.4.0] AndroidManifest.xml:21:5-82
	android:name
		ADDED from [com.google.android.gms:play-services-gcm:8.4.0] AndroidManifest.xml:21:22-79
uses-permission#android.permission.WAKE_LOCK
ADDED from [com.google.android.gms:play-services-measurement:8.4.0] AndroidManifest.xml:24:5-67
	android:name
		ADDED from [com.google.android.gms:play-services-measurement:8.4.0] AndroidManifest.xml:24:22-65
provider#com.google.android.gms.measurement.AppMeasurementContentProvider
ADDED from [com.google.android.gms:play-services-measurement:8.4.0] AndroidManifest.xml:28:7-31:37
	android:authorities
		ADDED from [com.google.android.gms:play-services-measurement:8.4.0] AndroidManifest.xml:29:11-76
	android:exported
		ADDED from [com.google.android.gms:play-services-measurement:8.4.0] AndroidManifest.xml:31:11-35
	android:name
		ADDED from [com.google.android.gms:play-services-measurement:8.4.0] AndroidManifest.xml:30:11-90
receiver#com.google.android.gms.measurement.AppMeasurementReceiver
ADDED from [com.google.android.gms:play-services-measurement:8.4.0] AndroidManifest.xml:33:7-39:18
	android:enabled
		ADDED from [com.google.android.gms:play-services-measurement:8.4.0] AndroidManifest.xml:35:11-33
	android:name
		ADDED from [com.google.android.gms:play-services-measurement:8.4.0] AndroidManifest.xml:34:11-83
intent-filter#com.google.android.gms.measurement.UPLOAD
ADDED from [com.google.android.gms:play-services-measurement:8.4.0] AndroidManifest.xml:36:9-38:25
action#com.google.android.gms.measurement.UPLOAD
ADDED from [com.google.android.gms:play-services-measurement:8.4.0] AndroidManifest.xml:37:11-77
	android:name
		ADDED from [com.google.android.gms:play-services-measurement:8.4.0] AndroidManifest.xml:37:19-75
service#com.google.android.gms.measurement.AppMeasurementService
ADDED from [com.google.android.gms:play-services-measurement:8.4.0] AndroidManifest.xml:41:7-44:37
	android:enabled
		ADDED from [com.google.android.gms:play-services-measurement:8.4.0] AndroidManifest.xml:43:11-33
	android:exported
		ADDED from [com.google.android.gms:play-services-measurement:8.4.0] AndroidManifest.xml:44:11-35
	android:name
		ADDED from [com.google.android.gms:play-services-measurement:8.4.0] AndroidManifest.xml:42:11-82
uses-feature#0x00020000
ADDED from [com.google.android.gms:play-services-maps:8.4.0] AndroidManifest.xml:22:5-24:33
	android:glEsVersion
		ADDED from [com.google.android.gms:play-services-maps:8.4.0] AndroidManifest.xml:23:8-40
	android:required
		ADDED from [com.google.android.gms:play-services-maps:8.4.0] AndroidManifest.xml:24:8-31